Using pre-set license
Built from '2020.2/release' branch; Version is '2020.2.1f1 (270dd8c3da1c) revision 2559448'; Using compiler version '192528614'; Build Type 'Release'
OS: 'Windows 10  (10.0.0) 64bit' Language: 'es' Physical Memory: 16312 MB
BatchMode: 1, IsHumanControllingUs: 0, StartBugReporterOnCrash: 0, Is64bit: 1, IsPro: 0

 COMMAND LINE ARGUMENTS:
F:\Desarrollo\Unity\2020.2.1f1\Editor\Unity.exe
-adb2
-batchMode
-noUpm
-name
AssetImportWorker0
-projectPath
F:/Desarrollo/Unity/Proyectos/Curso RPG Udemy
-logFile
Logs/AssetImportWorker0.log
-srvPort
55318
Successfully changed project path to: F:/Desarrollo/Unity/Proyectos/Curso RPG Udemy
F:/Desarrollo/Unity/Proyectos/Curso RPG Udemy
Using Asset Import Pipeline V2.
Refreshing native plugins compatible for Editor in 48.72 ms, found 0 plugins.
Preloading 0 native plugins for Editor in 0.00 ms.
Initialize engine version: 2020.2.1f1 (270dd8c3da1c)
[Subsystems] Discovering subsystems at path F:/Desarrollo/Unity/2020.2.1f1/Editor/Data/Resources/UnitySubsystems
[Subsystems] Discovering subsystems at path F:/Desarrollo/Unity/Proyectos/Curso RPG Udemy/Assets
GfxDevice: creating device client; threaded=0
Direct3D:
    Version:  Direct3D 11.0 [level 11.1]
    Renderer: NVIDIA GeForce GTX 960 (ID=0x1401)
    Vendor:   
    VRAM:     2007 MB
    Driver:   27.21.14.5671
Initialize mono
Mono path[0] = 'F:/Desarrollo/Unity/2020.2.1f1/Editor/Data/Managed'
Mono path[1] = 'F:/Desarrollo/Unity/2020.2.1f1/Editor/Data/MonoBleedingEdge/lib/mono/unityjit'
Mono config path = 'F:/Desarrollo/Unity/2020.2.1f1/Editor/Data/MonoBleedingEdge/etc'
Using monoOptions --debugger-agent=transport=dt_socket,embedding=1,server=y,suspend=n,address=127.0.0.1:56876
Begin MonoManager ReloadAssembly
Registering precompiled unity dll's ...
Register platform support module: F:/Desarrollo/Unity/2020.2.1f1/Editor/Data/PlaybackEngines/WebGLSupport/UnityEditor.WebGL.Extensions.dll
Register platform support module: F:/Desarrollo/Unity/2020.2.1f1/Editor/Data/PlaybackEngines/MacStandaloneSupport/UnityEditor.OSXStandalone.Extensions.dll
Register platform support module: F:/Desarrollo/Unity/2020.2.1f1/Editor/Data/PlaybackEngines/WindowsStandaloneSupport/UnityEditor.WindowsStandalone.Extensions.dll
Registered in 0.002781 seconds.
Native extension for WindowsStandalone target not found
Native extension for OSXStandalone target not found
Native extension for WebGL target not found
Refreshing native plugins compatible for Editor in 39.92 ms, found 0 plugins.
Preloading 0 native plugins for Editor in 0.00 ms.
Invoked RoslynAnalysisRunner static constructor.
RoslynAnalysisRunner will not be running.
RoslynAnalysisRunner has terminated.
Mono: successfully reloaded assembly
- Completed reload, in  1.615 seconds
Platform modules already initialized, skipping
Registering precompiled user dll's ...
Registered in 0.003751 seconds.
Begin MonoManager ReloadAssembly
Native extension for WindowsStandalone target not found
Native extension for OSXStandalone target not found
Native extension for WebGL target not found
Refreshing native plugins compatible for Editor in 0.47 ms, found 0 plugins.
Preloading 0 native plugins for Editor in 0.00 ms.
Invoked RoslynAnalysisRunner static constructor.
RoslynAnalysisRunner will not be running.
RoslynAnalysisRunner has terminated.
Mono: successfully reloaded assembly
- Completed reload, in  1.130 seconds
Platform modules already initialized, skipping
========================================================================
Worker process is ready to serve import requests
Launched and connected shader compiler UnityShaderCompiler.exe after 0.05 seconds
Refreshing native plugins compatible for Editor in 0.45 ms, found 0 plugins.
Preloading 0 native plugins for Editor in 0.00 ms.
Unloading 1516 Unused Serialized files (Serialized files now loaded: 0)
System memory in use before: 82.6 MB.
System memory in use after: 82.7 MB.

Unloading 34 unused Assets to reduce memory usage. Loaded Objects now: 1966.
Total: 3.158700 ms (FindLiveObjects: 0.441900 ms CreateObjectMapping: 0.508500 ms MarkObjects: 2.108000 ms  DeleteObjects: 0.098700 ms)

========================================================================
Received Import Request.
  path: Assets/Scripts
  artifactKey: Guid(0beb4afba092d6c4989b18ba0f14e762) Importer(815301076,1909f56bfc062723c751e8b465ee728b)
Start importing Assets/Scripts using Guid(0beb4afba092d6c4989b18ba0f14e762) Importer(815301076,1909f56bfc062723c751e8b465ee728b)  -> (artifact id: '2881f041c21cabdae50a2dab0e90c473') in 0.009552 seconds
  Import took 0.012814 seconds .

========================================================================
Received Import Request.
  Time since last request: 1.181222 seconds.
  path: Assets/Scripts/Progression
  artifactKey: Guid(228bf17ed9bacc84d82cafac8962e051) Importer(815301076,1909f56bfc062723c751e8b465ee728b)
Start importing Assets/Scripts/Progression using Guid(228bf17ed9bacc84d82cafac8962e051) Importer(815301076,1909f56bfc062723c751e8b465ee728b)  -> (artifact id: 'ff3ced1635a20ba1b7c9ca5c3274d8ef') in 0.002527 seconds
  Import took 0.006167 seconds .

========================================================================
Received Import Request.
  Time since last request: 7.357303 seconds.
  path: Assets/Scripts/Stats
  artifactKey: Guid(228bf17ed9bacc84d82cafac8962e051) Importer(815301076,1909f56bfc062723c751e8b465ee728b)
Start importing Assets/Scripts/Stats using Guid(228bf17ed9bacc84d82cafac8962e051) Importer(815301076,1909f56bfc062723c751e8b465ee728b)  -> (artifact id: '1594965e9852d48a2d9e95f2abaaf006') in 0.002652 seconds
  Import took 0.008299 seconds .

========================================================================
Received Import Request.
  Time since last request: 17.825736 seconds.
  path: Assets/Scripts/Stats/BaseStats.cs
  artifactKey: Guid(1bc1a7b38ab4ea8439b23a224ffe9871) Importer(815301076,1909f56bfc062723c751e8b465ee728b)
Start importing Assets/Scripts/Stats/BaseStats.cs using Guid(1bc1a7b38ab4ea8439b23a224ffe9871) Importer(815301076,1909f56bfc062723c751e8b465ee728b)  -> (artifact id: 'df6bb6b862ba7480798fe0f554142223') in 0.052519 seconds
  Import took 0.055784 seconds .

========================================================================
Received Prepare
Registering precompiled user dll's ...
Registered in 0.005886 seconds.
Begin MonoManager ReloadAssembly
Native extension for WindowsStandalone target not found
Native extension for OSXStandalone target not found
Native extension for WebGL target not found
Refreshing native plugins compatible for Editor in 0.51 ms, found 0 plugins.
Preloading 0 native plugins for Editor in 0.00 ms.
Invoked RoslynAnalysisRunner static constructor.
RoslynAnalysisRunner will not be running.
RoslynAnalysisRunner has terminated.
Mono: successfully reloaded assembly
- Completed reload, in  1.313 seconds
Platform modules already initialized, skipping
Refreshing native plugins compatible for Editor in 0.47 ms, found 0 plugins.
Preloading 0 native plugins for Editor in 0.00 ms.
Unloading 1510 Unused Serialized files (Serialized files now loaded: 0)
System memory in use before: 83.0 MB.
System memory in use after: 83.1 MB.

Unloading 25 unused Assets to reduce memory usage. Loaded Objects now: 1970.
Total: 2.119700 ms (FindLiveObjects: 0.165200 ms CreateObjectMapping: 0.063600 ms MarkObjects: 1.862300 ms  DeleteObjects: 0.027000 ms)

========================================================================
Received Prepare
Registering precompiled user dll's ...
Registered in 0.003698 seconds.
Begin MonoManager ReloadAssembly
Native extension for WindowsStandalone target not found
Native extension for OSXStandalone target not found
Native extension for WebGL target not found
Refreshing native plugins compatible for Editor in 0.51 ms, found 0 plugins.
Preloading 0 native plugins for Editor in 0.00 ms.
Invoked RoslynAnalysisRunner static constructor.
RoslynAnalysisRunner will not be running.
RoslynAnalysisRunner has terminated.
Mono: successfully reloaded assembly
- Completed reload, in  1.900 seconds
Platform modules already initialized, skipping
Refreshing native plugins compatible for Editor in 0.49 ms, found 0 plugins.
Preloading 0 native plugins for Editor in 0.00 ms.
Unloading 1510 Unused Serialized files (Serialized files now loaded: 0)
System memory in use before: 83.6 MB.
System memory in use after: 83.7 MB.

Unloading 25 unused Assets to reduce memory usage. Loaded Objects now: 1973.
Total: 3.843700 ms (FindLiveObjects: 0.167700 ms CreateObjectMapping: 0.065900 ms MarkObjects: 3.583900 ms  DeleteObjects: 0.024500 ms)

========================================================================
Received Import Request.
  Time since last request: 256.972737 seconds.
  path: Assets/Scripts/Stats/BaseStats.cs
  artifactKey: Guid(1bc1a7b38ab4ea8439b23a224ffe9871) Importer(815301076,1909f56bfc062723c751e8b465ee728b)
Start importing Assets/Scripts/Stats/BaseStats.cs using Guid(1bc1a7b38ab4ea8439b23a224ffe9871) Importer(815301076,1909f56bfc062723c751e8b465ee728b)  -> (artifact id: '1c05d63078a682751830f6b2437cca7b') in 0.005446 seconds
  Import took 0.008462 seconds .

========================================================================
Received Prepare
Registering precompiled user dll's ...
Registered in 0.003618 seconds.
Begin MonoManager ReloadAssembly
Native extension for WindowsStandalone target not found
Native extension for OSXStandalone target not found
Native extension for WebGL target not found
Refreshing native plugins compatible for Editor in 0.90 ms, found 0 plugins.
Preloading 0 native plugins for Editor in 0.00 ms.
Invoked RoslynAnalysisRunner static constructor.
RoslynAnalysisRunner will not be running.
RoslynAnalysisRunner has terminated.
Mono: successfully reloaded assembly
- Completed reload, in  1.229 seconds
Platform modules already initialized, skipping
Refreshing native plugins compatible for Editor in 0.67 ms, found 0 plugins.
Preloading 0 native plugins for Editor in 0.00 ms.
Unloading 1510 Unused Serialized files (Serialized files now loaded: 0)
System memory in use before: 84.0 MB.
System memory in use after: 84.1 MB.

Unloading 25 unused Assets to reduce memory usage. Loaded Objects now: 1975.
Total: 1.975600 ms (FindLiveObjects: 0.172400 ms CreateObjectMapping: 0.066700 ms MarkObjects: 1.713500 ms  DeleteObjects: 0.021500 ms)

========================================================================
Received Import Request.
  Time since last request: 54.048434 seconds.
  path: Assets/Game/Characters/Archer.prefab
  artifactKey: Guid(9e6e07b4f5b71ab49bb883df77acc449) Importer(815301076,1909f56bfc062723c751e8b465ee728b)
Start importing Assets/Game/Characters/Archer.prefab using Guid(9e6e07b4f5b71ab49bb883df77acc449) Importer(815301076,1909f56bfc062723c751e8b465ee728b)  -> (artifact id: '40da6d91ddef5f8cdacc3f479ed8fbfa') in 0.190826 seconds
  Import took 0.197091 seconds .

========================================================================
Received Import Request.
  Time since last request: 31.355947 seconds.
  path: Assets/Game/Core/Player.prefab
  artifactKey: Guid(3aa7a28b2e00d4423abb718891bd92ed) Importer(815301076,1909f56bfc062723c751e8b465ee728b)
Start importing Assets/Game/Core/Player.prefab using Guid(3aa7a28b2e00d4423abb718891bd92ed) Importer(815301076,1909f56bfc062723c751e8b465ee728b)  -> (artifact id: '3bdd832ee1a6e5fb46b5c23c22dcd9f8') in 0.039553 seconds
  Import took 0.043807 seconds .

========================================================================
Received Import Request.
  Time since last request: 17.222196 seconds.
  path: Assets/Game/Core/Player.prefab
  artifactKey: Guid(3aa7a28b2e00d4423abb718891bd92ed) Importer(815301076,1909f56bfc062723c751e8b465ee728b)
Start importing Assets/Game/Core/Player.prefab using Guid(3aa7a28b2e00d4423abb718891bd92ed) Importer(815301076,1909f56bfc062723c751e8b465ee728b)  -> (artifact id: 'a005775e284be9fdfe6d7db3189dec24') in 0.027322 seconds
  Import took 0.031697 seconds .

========================================================================
Received Import Request.
  Time since last request: 117.498515 seconds.
  path: Assets/Scripts/Stats/Progression.cs
  artifactKey: Guid(a59411680351325459b3d94a45f61796) Importer(815301076,1909f56bfc062723c751e8b465ee728b)
Start importing Assets/Scripts/Stats/Progression.cs using Guid(a59411680351325459b3d94a45f61796) Importer(815301076,1909f56bfc062723c751e8b465ee728b)  -> (artifact id: '511bde06734e926aa8920284820d551d') in 0.014592 seconds
  Import took 0.024003 seconds .

========================================================================
Received Prepare
Registering precompiled user dll's ...
Registered in 0.004560 seconds.
Begin MonoManager ReloadAssembly
Native extension for WindowsStandalone target not found
Native extension for OSXStandalone target not found
Native extension for WebGL target not found
Refreshing native plugins compatible for Editor in 0.47 ms, found 0 plugins.
Preloading 0 native plugins for Editor in 0.00 ms.
Invoked RoslynAnalysisRunner static constructor.
RoslynAnalysisRunner will not be running.
RoslynAnalysisRunner has terminated.
Mono: successfully reloaded assembly
- Completed reload, in  1.293 seconds
Platform modules already initialized, skipping
Refreshing native plugins compatible for Editor in 0.48 ms, found 0 plugins.
Preloading 0 native plugins for Editor in 0.00 ms.
Unloading 1511 Unused Serialized files (Serialized files now loaded: 0)
System memory in use before: 97.9 MB.
System memory in use after: 98.0 MB.

Unloading 25 unused Assets to reduce memory usage. Loaded Objects now: 1987.
Total: 1.897100 ms (FindLiveObjects: 0.189000 ms CreateObjectMapping: 0.065400 ms MarkObjects: 1.613800 ms  DeleteObjects: 0.027900 ms)

========================================================================
Received Prepare
Registering precompiled user dll's ...
Registered in 0.004469 seconds.
Begin MonoManager ReloadAssembly
Native extension for WindowsStandalone target not found
Native extension for OSXStandalone target not found
Native extension for WebGL target not found
Refreshing native plugins compatible for Editor in 0.49 ms, found 0 plugins.
Preloading 0 native plugins for Editor in 0.00 ms.
Invoked RoslynAnalysisRunner static constructor.
RoslynAnalysisRunner will not be running.
RoslynAnalysisRunner has terminated.
Mono: successfully reloaded assembly
- Completed reload, in  1.178 seconds
Platform modules already initialized, skipping
Refreshing native plugins compatible for Editor in 0.48 ms, found 0 plugins.
Preloading 0 native plugins for Editor in 0.00 ms.
Unloading 1511 Unused Serialized files (Serialized files now loaded: 0)
System memory in use before: 98.2 MB.
System memory in use after: 98.3 MB.

Unloading 25 unused Assets to reduce memory usage. Loaded Objects now: 1989.
Total: 1.953600 ms (FindLiveObjects: 0.178800 ms CreateObjectMapping: 0.063100 ms MarkObjects: 1.679900 ms  DeleteObjects: 0.030400 ms)

========================================================================
Received Import Request.
  Time since last request: 76.357234 seconds.
  path: Assets/Scripts/Stats/Progression.cs
  artifactKey: Guid(a59411680351325459b3d94a45f61796) Importer(815301076,1909f56bfc062723c751e8b465ee728b)
Start importing Assets/Scripts/Stats/Progression.cs using Guid(a59411680351325459b3d94a45f61796) Importer(815301076,1909f56bfc062723c751e8b465ee728b)  -> (artifact id: '575426d147c68f760a47afb5a150d529') in 0.004988 seconds
  Import took 0.008438 seconds .

========================================================================
Received Import Request.
  Time since last request: 6.238546 seconds.
  path: Assets/Scripts/Core/Progression.asset
  artifactKey: Guid(8706cfb7018491c46aaf65bfff91892c) Importer(815301076,1909f56bfc062723c751e8b465ee728b)
Start importing Assets/Scripts/Core/Progression.asset using Guid(8706cfb7018491c46aaf65bfff91892c) Importer(815301076,1909f56bfc062723c751e8b465ee728b)  -> (artifact id: '1a529193bea04363017a942d26aea0d1') in 0.016967 seconds
  Import took 0.021132 seconds .

========================================================================
Received Prepare
Registering precompiled user dll's ...
Registered in 0.003338 seconds.
Begin MonoManager ReloadAssembly
Native extension for WindowsStandalone target not found
Native extension for OSXStandalone target not found
Native extension for WebGL target not found
Refreshing native plugins compatible for Editor in 0.61 ms, found 0 plugins.
Preloading 0 native plugins for Editor in 0.00 ms.
Invoked RoslynAnalysisRunner static constructor.
RoslynAnalysisRunner will not be running.
RoslynAnalysisRunner has terminated.
Mono: successfully reloaded assembly
- Completed reload, in  1.189 seconds
Platform modules already initialized, skipping
Refreshing native plugins compatible for Editor in 1.28 ms, found 0 plugins.
Preloading 0 native plugins for Editor in 0.00 ms.
Unloading 1511 Unused Serialized files (Serialized files now loaded: 0)
System memory in use before: 98.0 MB.
System memory in use after: 98.1 MB.

Unloading 25 unused Assets to reduce memory usage. Loaded Objects now: 1991.
Total: 2.424700 ms (FindLiveObjects: 0.289200 ms CreateObjectMapping: 0.156400 ms MarkObjects: 1.923200 ms  DeleteObjects: 0.054600 ms)

========================================================================
Received Prepare
Registering precompiled user dll's ...
Registered in 0.005153 seconds.
Begin MonoManager ReloadAssembly
Native extension for WindowsStandalone target not found
Native extension for OSXStandalone target not found
Native extension for WebGL target not found
Refreshing native plugins compatible for Editor in 0.53 ms, found 0 plugins.
Preloading 0 native plugins for Editor in 0.00 ms.
Invoked RoslynAnalysisRunner static constructor.
RoslynAnalysisRunner will not be running.
RoslynAnalysisRunner has terminated.
Mono: successfully reloaded assembly
- Completed reload, in  1.167 seconds
Platform modules already initialized, skipping
Refreshing native plugins compatible for Editor in 0.49 ms, found 0 plugins.
Preloading 0 native plugins for Editor in 0.00 ms.
Unloading 1511 Unused Serialized files (Serialized files now loaded: 0)
System memory in use before: 98.2 MB.
System memory in use after: 98.3 MB.

Unloading 25 unused Assets to reduce memory usage. Loaded Objects now: 1993.
Total: 4.633300 ms (FindLiveObjects: 0.568000 ms CreateObjectMapping: 0.186500 ms MarkObjects: 3.849500 ms  DeleteObjects: 0.027400 ms)

========================================================================
Received Prepare
Registering precompiled user dll's ...
Registered in 0.006472 seconds.
Begin MonoManager ReloadAssembly
Native extension for WindowsStandalone target not found
Native extension for OSXStandalone target not found
Native extension for WebGL target not found
Refreshing native plugins compatible for Editor in 0.47 ms, found 0 plugins.
Preloading 0 native plugins for Editor in 0.00 ms.
Invoked RoslynAnalysisRunner static constructor.
RoslynAnalysisRunner will not be running.
RoslynAnalysisRunner has terminated.
Mono: successfully reloaded assembly
- Completed reload, in  1.122 seconds
Platform modules already initialized, skipping
Refreshing native plugins compatible for Editor in 0.53 ms, found 0 plugins.
Preloading 0 native plugins for Editor in 0.00 ms.
Unloading 1511 Unused Serialized files (Serialized files now loaded: 0)
System memory in use before: 98.1 MB.
System memory in use after: 98.2 MB.

Unloading 25 unused Assets to reduce memory usage. Loaded Objects now: 1995.
Total: 1.934500 ms (FindLiveObjects: 0.181900 ms CreateObjectMapping: 0.062200 ms MarkObjects: 1.646300 ms  DeleteObjects: 0.043200 ms)

========================================================================
Received Import Request.
  Time since last request: 88.148437 seconds.
  path: Assets/Game/Core/Player.prefab
  artifactKey: Guid(3aa7a28b2e00d4423abb718891bd92ed) Importer(815301076,1909f56bfc062723c751e8b465ee728b)
Start importing Assets/Game/Core/Player.prefab using Guid(3aa7a28b2e00d4423abb718891bd92ed) Importer(815301076,1909f56bfc062723c751e8b465ee728b)  -> (artifact id: 'fba4b7e47e8a5a3db74c7d3c64e7e172') in 0.087306 seconds
  Import took 0.091572 seconds .

========================================================================
Received Import Request.
  Time since last request: 0.015847 seconds.
  path: Assets/Game/Core/Player.prefab
  artifactKey: Guid(3aa7a28b2e00d4423abb718891bd92ed) Importer(815301076,1909f56bfc062723c751e8b465ee728b)
Start importing Assets/Game/Core/Player.prefab using Guid(3aa7a28b2e00d4423abb718891bd92ed) Importer(815301076,1909f56bfc062723c751e8b465ee728b)  -> (artifact id: 'fba4b7e47e8a5a3db74c7d3c64e7e172') in 0.024908 seconds
  Import took 0.029791 seconds .

========================================================================
Received Import Request.
  Time since last request: 15.639581 seconds.
  path: Assets/Game/Characters/Character.prefab
  artifactKey: Guid(7b5fb9b1145e14f6390cb21a4c47d80f) Importer(815301076,1909f56bfc062723c751e8b465ee728b)
Start importing Assets/Game/Characters/Character.prefab using Guid(7b5fb9b1145e14f6390cb21a4c47d80f) Importer(815301076,1909f56bfc062723c751e8b465ee728b)  -> (artifact id: '63b7c33cb31b0efeacff2758566c876e') in 0.005322 seconds
  Import took 0.008563 seconds .

========================================================================
Received Import Request.
  Time since last request: 0.006360 seconds.
  path: Assets/Game/Characters/Character.prefab
  artifactKey: Guid(7b5fb9b1145e14f6390cb21a4c47d80f) Importer(815301076,1909f56bfc062723c751e8b465ee728b)
Start importing Assets/Game/Characters/Character.prefab using Guid(7b5fb9b1145e14f6390cb21a4c47d80f) Importer(815301076,1909f56bfc062723c751e8b465ee728b)  -> (artifact id: '63b7c33cb31b0efeacff2758566c876e') in 0.004654 seconds
  Import took 0.008136 seconds .

========================================================================
Received Prepare
Registering precompiled user dll's ...
Registered in 0.003185 seconds.
Begin MonoManager ReloadAssembly
Native extension for WindowsStandalone target not found
Native extension for OSXStandalone target not found
Native extension for WebGL target not found
Refreshing native plugins compatible for Editor in 0.51 ms, found 0 plugins.
Preloading 0 native plugins for Editor in 0.00 ms.
Invoked RoslynAnalysisRunner static constructor.
RoslynAnalysisRunner will not be running.
RoslynAnalysisRunner has terminated.
Mono: successfully reloaded assembly
- Completed reload, in  1.095 seconds
Platform modules already initialized, skipping
Refreshing native plugins compatible for Editor in 0.47 ms, found 0 plugins.
Preloading 0 native plugins for Editor in 0.00 ms.
Unloading 1511 Unused Serialized files (Serialized files now loaded: 0)
System memory in use before: 98.2 MB.
System memory in use after: 98.3 MB.

Unloading 25 unused Assets to reduce memory usage. Loaded Objects now: 1998.
Total: 2.002400 ms (FindLiveObjects: 0.218100 ms CreateObjectMapping: 0.067400 ms MarkObjects: 1.686100 ms  DeleteObjects: 0.029400 ms)

========================================================================
Received Import Request.
  Time since last request: 1058.274444 seconds.
  path: Assets/Scripts/Core/Progression.asset
  artifactKey: Guid(8706cfb7018491c46aaf65bfff91892c) Importer(815301076,1909f56bfc062723c751e8b465ee728b)
Start importing Assets/Scripts/Core/Progression.asset using Guid(8706cfb7018491c46aaf65bfff91892c) Importer(815301076,1909f56bfc062723c751e8b465ee728b)  -> (artifact id: '079ec8295d41395bea516d7af99e3a10') in 0.019387 seconds
  Import took 0.022750 seconds .

========================================================================
Received Import Request.
  Time since last request: 31.681063 seconds.
  path: Assets/Scripts/Core/Progression.asset
  artifactKey: Guid(8706cfb7018491c46aaf65bfff91892c) Importer(815301076,1909f56bfc062723c751e8b465ee728b)
Start importing Assets/Scripts/Core/Progression.asset using Guid(8706cfb7018491c46aaf65bfff91892c) Importer(815301076,1909f56bfc062723c751e8b465ee728b)  -> (artifact id: 'db9c0050c7cc549ef020cb6c274e1b0e') in 0.008438 seconds
  Import took 0.014216 seconds .

========================================================================
Received Import Request.
  Time since last request: 72.741786 seconds.
  path: Assets/Scripts/Core/Progression.asset
  artifactKey: Guid(8706cfb7018491c46aaf65bfff91892c) Importer(815301076,1909f56bfc062723c751e8b465ee728b)
Start importing Assets/Scripts/Core/Progression.asset using Guid(8706cfb7018491c46aaf65bfff91892c) Importer(815301076,1909f56bfc062723c751e8b465ee728b)  -> (artifact id: '8803292352f913d744c88ef746c48067') in 0.013245 seconds
  Import took 0.017687 seconds .

========================================================================
Received Prepare
Registering precompiled user dll's ...
Registered in 0.003707 seconds.
Begin MonoManager ReloadAssembly
Native extension for WindowsStandalone target not found
Native extension for OSXStandalone target not found
Native extension for WebGL target not found
Refreshing native plugins compatible for Editor in 0.54 ms, found 0 plugins.
Preloading 0 native plugins for Editor in 0.00 ms.
Invoked RoslynAnalysisRunner static constructor.
RoslynAnalysisRunner will not be running.
RoslynAnalysisRunner has terminated.
Mono: successfully reloaded assembly
- Completed reload, in  1.063 seconds
Platform modules already initialized, skipping
Refreshing native plugins compatible for Editor in 0.49 ms, found 0 plugins.
Preloading 0 native plugins for Editor in 0.00 ms.
Unloading 1511 Unused Serialized files (Serialized files now loaded: 0)
System memory in use before: 98.2 MB.
System memory in use after: 98.3 MB.

Unloading 25 unused Assets to reduce memory usage. Loaded Objects now: 2000.
Total: 4.331600 ms (FindLiveObjects: 0.393300 ms CreateObjectMapping: 0.233600 ms MarkObjects: 3.657400 ms  DeleteObjects: 0.045900 ms)

========================================================================
Received Import Request.
  Time since last request: 266.515690 seconds.
  path: Assets/Scripts/Resources
  artifactKey: Guid(d45409879f28d704d983d4caa7b052b6) Importer(815301076,1909f56bfc062723c751e8b465ee728b)
Start importing Assets/Scripts/Resources using Guid(d45409879f28d704d983d4caa7b052b6) Importer(815301076,1909f56bfc062723c751e8b465ee728b)  -> (artifact id: '3f0a15e46a4632657a2ea2b2bb126316') in 0.017896 seconds
  Import took 0.022651 seconds .

========================================================================
Received Import Request.
  Time since last request: 17.555604 seconds.
  path: Assets/Scripts/Attributes
  artifactKey: Guid(d45409879f28d704d983d4caa7b052b6) Importer(815301076,1909f56bfc062723c751e8b465ee728b)
Start importing Assets/Scripts/Attributes using Guid(d45409879f28d704d983d4caa7b052b6) Importer(815301076,1909f56bfc062723c751e8b465ee728b)  -> (artifact id: '195528c8c41b0200f7d394622bb052b2') in 0.005258 seconds
  Import took 0.008957 seconds .

========================================================================
Received Prepare
Registering precompiled user dll's ...
Registered in 0.003786 seconds.
Begin MonoManager ReloadAssembly
Native extension for WindowsStandalone target not found
Native extension for OSXStandalone target not found
Native extension for WebGL target not found
Refreshing native plugins compatible for Editor in 0.49 ms, found 0 plugins.
Preloading 0 native plugins for Editor in 0.00 ms.
Invoked RoslynAnalysisRunner static constructor.
RoslynAnalysisRunner will not be running.
RoslynAnalysisRunner has terminated.
Mono: successfully reloaded assembly
- Completed reload, in  1.323 seconds
Platform modules already initialized, skipping
Refreshing native plugins compatible for Editor in 0.51 ms, found 0 plugins.
Preloading 0 native plugins for Editor in 0.00 ms.
Unloading 1511 Unused Serialized files (Serialized files now loaded: 0)
System memory in use before: 98.8 MB.
System memory in use after: 98.9 MB.

Unloading 25 unused Assets to reduce memory usage. Loaded Objects now: 2002.
Total: 5.572400 ms (FindLiveObjects: 0.198800 ms CreateObjectMapping: 0.066100 ms MarkObjects: 5.280900 ms  DeleteObjects: 0.025100 ms)

========================================================================
Received Import Request.
  Time since last request: 24.284574 seconds.
  path: Assets/Scripts/Attributes/Health.cs
  artifactKey: Guid(bc9bcef80dbe648b598b3211c6cb70d2) Importer(815301076,1909f56bfc062723c751e8b465ee728b)
Start importing Assets/Scripts/Attributes/Health.cs using Guid(bc9bcef80dbe648b598b3211c6cb70d2) Importer(815301076,1909f56bfc062723c751e8b465ee728b)  -> (artifact id: 'f19148f3d64f71f30867a7730689d6ed') in 0.005542 seconds
  Import took 0.009213 seconds .

========================================================================
Received Prepare
Registering precompiled user dll's ...
Registered in 0.002999 seconds.
Begin MonoManager ReloadAssembly
Native extension for WindowsStandalone target not found
Native extension for OSXStandalone target not found
Native extension for WebGL target not found
Refreshing native plugins compatible for Editor in 0.46 ms, found 0 plugins.
Preloading 0 native plugins for Editor in 0.00 ms.
Invoked RoslynAnalysisRunner static constructor.
RoslynAnalysisRunner will not be running.
RoslynAnalysisRunner has terminated.
Mono: successfully reloaded assembly
- Completed reload, in  1.147 seconds
Platform modules already initialized, skipping
Refreshing native plugins compatible for Editor in 0.51 ms, found 0 plugins.
Preloading 0 native plugins for Editor in 0.00 ms.
Unloading 1511 Unused Serialized files (Serialized files now loaded: 0)
System memory in use before: 98.2 MB.
System memory in use after: 98.3 MB.

Unloading 25 unused Assets to reduce memory usage. Loaded Objects now: 2004.
Total: 2.331100 ms (FindLiveObjects: 0.165800 ms CreateObjectMapping: 0.064000 ms MarkObjects: 2.043000 ms  DeleteObjects: 0.057000 ms)

========================================================================
Received Import Request.
  Time since last request: 161.768190 seconds.
  path: Assets/Scripts/Attributes/Health.cs
  artifactKey: Guid(bc9bcef80dbe648b598b3211c6cb70d2) Importer(815301076,1909f56bfc062723c751e8b465ee728b)
Start importing Assets/Scripts/Attributes/Health.cs using Guid(bc9bcef80dbe648b598b3211c6cb70d2) Importer(815301076,1909f56bfc062723c751e8b465ee728b)  -> (artifact id: '6c0bc3d1b83dfc411925244a2244e8ec') in 0.006071 seconds
  Import took 0.009248 seconds .

========================================================================
Received Prepare
Registering precompiled user dll's ...
Registered in 0.003624 seconds.
Begin MonoManager ReloadAssembly
Native extension for WindowsStandalone target not found
Native extension for OSXStandalone target not found
Native extension for WebGL target not found
Refreshing native plugins compatible for Editor in 0.50 ms, found 0 plugins.
Preloading 0 native plugins for Editor in 0.00 ms.
Invoked RoslynAnalysisRunner static constructor.
RoslynAnalysisRunner will not be running.
RoslynAnalysisRunner has terminated.
Mono: successfully reloaded assembly
- Completed reload, in  1.107 seconds
Platform modules already initialized, skipping
Refreshing native plugins compatible for Editor in 0.58 ms, found 0 plugins.
Preloading 0 native plugins for Editor in 0.00 ms.
Unloading 1511 Unused Serialized files (Serialized files now loaded: 0)
System memory in use before: 97.9 MB.
System memory in use after: 98.0 MB.

Unloading 25 unused Assets to reduce memory usage. Loaded Objects now: 2006.
Total: 2.062200 ms (FindLiveObjects: 0.186100 ms CreateObjectMapping: 0.065000 ms MarkObjects: 1.763300 ms  DeleteObjects: 0.042400 ms)

========================================================================
Received Import Request.
  Time since last request: 525.203537 seconds.
  path: Assets/Scripts/Core/Progression.asset
  artifactKey: Guid(8706cfb7018491c46aaf65bfff91892c) Importer(815301076,1909f56bfc062723c751e8b465ee728b)
Start importing Assets/Scripts/Core/Progression.asset using Guid(8706cfb7018491c46aaf65bfff91892c) Importer(815301076,1909f56bfc062723c751e8b465ee728b)  -> (artifact id: '5bc7b4d4e380f06373b8b076448cef86') in 0.017986 seconds
  Import took 0.022111 seconds .

========================================================================
Received Prepare
Registering precompiled user dll's ...
Registered in 0.003190 seconds.
Begin MonoManager ReloadAssembly
Native extension for WindowsStandalone target not found
Native extension for OSXStandalone target not found
Native extension for WebGL target not found
Refreshing native plugins compatible for Editor in 0.52 ms, found 0 plugins.
Preloading 0 native plugins for Editor in 0.00 ms.
Invoked RoslynAnalysisRunner static constructor.
RoslynAnalysisRunner will not be running.
RoslynAnalysisRunner has terminated.
Mono: successfully reloaded assembly
- Completed reload, in  1.066 seconds
Platform modules already initialized, skipping
Refreshing native plugins compatible for Editor in 0.54 ms, found 0 plugins.
Preloading 0 native plugins for Editor in 0.00 ms.
Unloading 1511 Unused Serialized files (Serialized files now loaded: 0)
System memory in use before: 98.2 MB.
System memory in use after: 98.4 MB.

Unloading 25 unused Assets to reduce memory usage. Loaded Objects now: 2008.
Total: 2.266500 ms (FindLiveObjects: 0.219200 ms CreateObjectMapping: 0.112400 ms MarkObjects: 1.889100 ms  DeleteObjects: 0.045100 ms)

========================================================================
Received Import Request.
  Time since last request: 72.003224 seconds.
  path: Assets/Scripts/Core/Progression.asset
  artifactKey: Guid(8706cfb7018491c46aaf65bfff91892c) Importer(815301076,1909f56bfc062723c751e8b465ee728b)
Start importing Assets/Scripts/Core/Progression.asset using Guid(8706cfb7018491c46aaf65bfff91892c) Importer(815301076,1909f56bfc062723c751e8b465ee728b)  -> (artifact id: 'dc3c60fa6fcf77e0f2d15dedad07753d') in 0.023113 seconds
  Import took 0.026638 seconds .

========================================================================
Received Prepare
Registering precompiled user dll's ...
Registered in 0.003133 seconds.
Begin MonoManager ReloadAssembly
Native extension for WindowsStandalone target not found
Native extension for OSXStandalone target not found
Native extension for WebGL target not found
Refreshing native plugins compatible for Editor in 0.51 ms, found 0 plugins.
Preloading 0 native plugins for Editor in 0.00 ms.
Invoked RoslynAnalysisRunner static constructor.
RoslynAnalysisRunner will not be running.
RoslynAnalysisRunner has terminated.
Mono: successfully reloaded assembly
- Completed reload, in  1.122 seconds
Platform modules already initialized, skipping
Refreshing native plugins compatible for Editor in 0.55 ms, found 0 plugins.
Preloading 0 native plugins for Editor in 0.00 ms.
Unloading 1511 Unused Serialized files (Serialized files now loaded: 0)
System memory in use before: 98.0 MB.
System memory in use after: 98.1 MB.

Unloading 25 unused Assets to reduce memory usage. Loaded Objects now: 2010.
Total: 1.776700 ms (FindLiveObjects: 0.177400 ms CreateObjectMapping: 0.062400 ms MarkObjects: 1.516600 ms  DeleteObjects: 0.018800 ms)

========================================================================
Received Import Request.
  Time since last request: 144.572595 seconds.
  path: Assets/Game/UI
  artifactKey: Guid(d94454b2f04e495439933e531b117bbb) Importer(815301076,1909f56bfc062723c751e8b465ee728b)
Start importing Assets/Game/UI using Guid(d94454b2f04e495439933e531b117bbb) Importer(815301076,1909f56bfc062723c751e8b465ee728b)  -> (artifact id: '2722183bd9c3edb573e5498a40721733') in 0.014534 seconds
  Import took 0.019016 seconds .

========================================================================
Received Import Request.
  Time since last request: 26.230719 seconds.
  path: Assets/Game/UI/HUD.prefab
  artifactKey: Guid(906cad8ec27e45c42891f1f659f62e44) Importer(815301076,1909f56bfc062723c751e8b465ee728b)
Start importing Assets/Game/UI/HUD.prefab using Guid(906cad8ec27e45c42891f1f659f62e44) Importer(815301076,1909f56bfc062723c751e8b465ee728b)  -> (artifact id: 'b42ae408dbe89e2c2e3f716b4f1a74fd') in 0.105812 seconds
  Import took 0.109516 seconds .

========================================================================
Received Import Request.
  Time since last request: 313.837034 seconds.
  path: Assets/Scripts/Attributes/HealthDisplay.cs
  artifactKey: Guid(4f94e3bf3a55bc342ab9ca0c5d8426bf) Importer(815301076,1909f56bfc062723c751e8b465ee728b)
Start importing Assets/Scripts/Attributes/HealthDisplay.cs using Guid(4f94e3bf3a55bc342ab9ca0c5d8426bf) Importer(815301076,1909f56bfc062723c751e8b465ee728b)  -> (artifact id: '6d64be7220e3ebf9bef4961e484c5f6c') in 0.023861 seconds
  Import took 0.030006 seconds .

========================================================================
Received Prepare
Registering precompiled user dll's ...
Registered in 0.009051 seconds.
Begin MonoManager ReloadAssembly
Native extension for WindowsStandalone target not found
Native extension for OSXStandalone target not found
Native extension for WebGL target not found
Refreshing native plugins compatible for Editor in 0.50 ms, found 0 plugins.
Preloading 0 native plugins for Editor in 0.00 ms.
Invoked RoslynAnalysisRunner static constructor.
RoslynAnalysisRunner will not be running.
RoslynAnalysisRunner has terminated.
Mono: successfully reloaded assembly
- Completed reload, in  1.055 seconds
Platform modules already initialized, skipping
Refreshing native plugins compatible for Editor in 0.49 ms, found 0 plugins.
Preloading 0 native plugins for Editor in 0.00 ms.
Unloading 1525 Unused Serialized files (Serialized files now loaded: 0)
System memory in use before: 100.4 MB.
System memory in use after: 99.9 MB.

Unloading 38 unused Assets to reduce memory usage. Loaded Objects now: 2013.
Total: 2.529800 ms (FindLiveObjects: 0.179500 ms CreateObjectMapping: 0.203700 ms MarkObjects: 1.756900 ms  DeleteObjects: 0.388500 ms)

========================================================================
Received Prepare
Registering precompiled user dll's ...
Registered in 0.003181 seconds.
Begin MonoManager ReloadAssembly
Native extension for WindowsStandalone target not found
Native extension for OSXStandalone target not found
Native extension for WebGL target not found
Refreshing native plugins compatible for Editor in 0.61 ms, found 0 plugins.
Preloading 0 native plugins for Editor in 0.00 ms.
Invoked RoslynAnalysisRunner static constructor.
RoslynAnalysisRunner will not be running.
RoslynAnalysisRunner has terminated.
Mono: successfully reloaded assembly
- Completed reload, in  1.231 seconds
Platform modules already initialized, skipping
Refreshing native plugins compatible for Editor in 0.51 ms, found 0 plugins.
Preloading 0 native plugins for Editor in 0.00 ms.
Unloading 1525 Unused Serialized files (Serialized files now loaded: 0)
System memory in use before: 100.2 MB.
System memory in use after: 99.7 MB.

Unloading 38 unused Assets to reduce memory usage. Loaded Objects now: 2015.
Total: 2.839100 ms (FindLiveObjects: 0.274800 ms CreateObjectMapping: 0.134700 ms MarkObjects: 2.019300 ms  DeleteObjects: 0.409300 ms)

========================================================================
Received Import Request.
  Time since last request: 343.209373 seconds.
  path: Assets/Scripts/Attributes/HealthDisplay.cs
  artifactKey: Guid(4f94e3bf3a55bc342ab9ca0c5d8426bf) Importer(815301076,1909f56bfc062723c751e8b465ee728b)
Start importing Assets/Scripts/Attributes/HealthDisplay.cs using Guid(4f94e3bf3a55bc342ab9ca0c5d8426bf) Importer(815301076,1909f56bfc062723c751e8b465ee728b)  -> (artifact id: 'b7df04246d4eb615e2f3b08afac1b0dc') in 0.005182 seconds
  Import took 0.008518 seconds .

========================================================================
Received Prepare
Registering precompiled user dll's ...
Registered in 0.003670 seconds.
Begin MonoManager ReloadAssembly
Native extension for WindowsStandalone target not found
Native extension for OSXStandalone target not found
Native extension for WebGL target not found
Refreshing native plugins compatible for Editor in 0.46 ms, found 0 plugins.
Preloading 0 native plugins for Editor in 0.00 ms.
Invoked RoslynAnalysisRunner static constructor.
RoslynAnalysisRunner will not be running.
RoslynAnalysisRunner has terminated.
Mono: successfully reloaded assembly
- Completed reload, in  1.233 seconds
Platform modules already initialized, skipping
Refreshing native plugins compatible for Editor in 0.48 ms, found 0 plugins.
Preloading 0 native plugins for Editor in 0.00 ms.
Unloading 1525 Unused Serialized files (Serialized files now loaded: 0)
System memory in use before: 100.4 MB.
System memory in use after: 99.9 MB.

Unloading 38 unused Assets to reduce memory usage. Loaded Objects now: 2017.
Total: 2.851100 ms (FindLiveObjects: 0.209400 ms CreateObjectMapping: 0.116000 ms MarkObjects: 1.970300 ms  DeleteObjects: 0.553500 ms)

========================================================================
Received Prepare
Registering precompiled user dll's ...
Registered in 0.003586 seconds.
Begin MonoManager ReloadAssembly
Native extension for WindowsStandalone target not found
Native extension for OSXStandalone target not found
Native extension for WebGL target not found
Refreshing native plugins compatible for Editor in 0.49 ms, found 0 plugins.
Preloading 0 native plugins for Editor in 0.00 ms.
Invoked RoslynAnalysisRunner static constructor.
RoslynAnalysisRunner will not be running.
RoslynAnalysisRunner has terminated.
Mono: successfully reloaded assembly
- Completed reload, in  1.099 seconds
Platform modules already initialized, skipping
Refreshing native plugins compatible for Editor in 0.50 ms, found 0 plugins.
Preloading 0 native plugins for Editor in 0.00 ms.
Unloading 1525 Unused Serialized files (Serialized files now loaded: 0)
System memory in use before: 100.3 MB.
System memory in use after: 99.8 MB.

Unloading 38 unused Assets to reduce memory usage. Loaded Objects now: 2019.
Total: 2.712900 ms (FindLiveObjects: 0.254600 ms CreateObjectMapping: 0.147100 ms MarkObjects: 1.894500 ms  DeleteObjects: 0.415600 ms)

========================================================================
Received Prepare
Registering precompiled user dll's ...
Registered in 0.003239 seconds.
Begin MonoManager ReloadAssembly
Native extension for WindowsStandalone target not found
Native extension for OSXStandalone target not found
Native extension for WebGL target not found
Refreshing native plugins compatible for Editor in 0.49 ms, found 0 plugins.
Preloading 0 native plugins for Editor in 0.00 ms.
Invoked RoslynAnalysisRunner static constructor.
RoslynAnalysisRunner will not be running.
RoslynAnalysisRunner has terminated.
Mono: successfully reloaded assembly
- Completed reload, in  1.288 seconds
Platform modules already initialized, skipping
Refreshing native plugins compatible for Editor in 0.53 ms, found 0 plugins.
Preloading 0 native plugins for Editor in 0.00 ms.
Unloading 1525 Unused Serialized files (Serialized files now loaded: 0)
System memory in use before: 100.4 MB.
System memory in use after: 99.9 MB.

Unloading 38 unused Assets to reduce memory usage. Loaded Objects now: 2021.
Total: 4.690500 ms (FindLiveObjects: 0.188600 ms CreateObjectMapping: 0.068200 ms MarkObjects: 4.019800 ms  DeleteObjects: 0.412100 ms)

========================================================================
Received Prepare
Registering precompiled user dll's ...
Registered in 0.003056 seconds.
Begin MonoManager ReloadAssembly
Native extension for WindowsStandalone target not found
Native extension for OSXStandalone target not found
Native extension for WebGL target not found
Refreshing native plugins compatible for Editor in 0.49 ms, found 0 plugins.
Preloading 0 native plugins for Editor in 0.00 ms.
Invoked RoslynAnalysisRunner static constructor.
RoslynAnalysisRunner will not be running.
RoslynAnalysisRunner has terminated.
Mono: successfully reloaded assembly
- Completed reload, in  1.576 seconds
Platform modules already initialized, skipping
Refreshing native plugins compatible for Editor in 0.50 ms, found 0 plugins.
Preloading 0 native plugins for Editor in 0.00 ms.
Unloading 1525 Unused Serialized files (Serialized files now loaded: 0)
System memory in use before: 100.4 MB.
System memory in use after: 99.9 MB.

Unloading 38 unused Assets to reduce memory usage. Loaded Objects now: 2023.
Total: 2.230900 ms (FindLiveObjects: 0.177100 ms CreateObjectMapping: 0.066300 ms MarkObjects: 1.589700 ms  DeleteObjects: 0.396800 ms)

========================================================================
Received Prepare
Registering precompiled user dll's ...
Registered in 0.003352 seconds.
Begin MonoManager ReloadAssembly
Native extension for WindowsStandalone target not found
Native extension for OSXStandalone target not found
Native extension for WebGL target not found
Refreshing native plugins compatible for Editor in 0.49 ms, found 0 plugins.
Preloading 0 native plugins for Editor in 0.00 ms.
Invoked RoslynAnalysisRunner static constructor.
RoslynAnalysisRunner will not be running.
RoslynAnalysisRunner has terminated.
Mono: successfully reloaded assembly
- Completed reload, in  1.519 seconds
Platform modules already initialized, skipping
Refreshing native plugins compatible for Editor in 0.50 ms, found 0 plugins.
Preloading 0 native plugins for Editor in 0.00 ms.
Unloading 1525 Unused Serialized files (Serialized files now loaded: 0)
System memory in use before: 100.4 MB.
System memory in use after: 99.9 MB.

Unloading 38 unused Assets to reduce memory usage. Loaded Objects now: 2025.
Total: 3.323700 ms (FindLiveObjects: 0.504600 ms CreateObjectMapping: 0.156100 ms MarkObjects: 2.232900 ms  DeleteObjects: 0.428500 ms)

========================================================================
Received Import Request.
  Time since last request: 348.257184 seconds.
  path: Assets/Scripts/Attributes/HealthDisplay.cs
  artifactKey: Guid(4f94e3bf3a55bc342ab9ca0c5d8426bf) Importer(815301076,1909f56bfc062723c751e8b465ee728b)
Start importing Assets/Scripts/Attributes/HealthDisplay.cs using Guid(4f94e3bf3a55bc342ab9ca0c5d8426bf) Importer(815301076,1909f56bfc062723c751e8b465ee728b)  -> (artifact id: 'f0b3749982ddee2d4b9a81cb60b6c7f4') in 0.006591 seconds
  Import took 0.011341 seconds .

========================================================================
Received Import Request.
  Time since last request: 35.773045 seconds.
  path: Assets/Scripts/Combat/EnemyHealthDisplay.cs
  artifactKey: Guid(0c35b9a41aa8a534a8090b92787d2c5e) Importer(815301076,1909f56bfc062723c751e8b465ee728b)
Start importing Assets/Scripts/Combat/EnemyHealthDisplay.cs using Guid(0c35b9a41aa8a534a8090b92787d2c5e) Importer(815301076,1909f56bfc062723c751e8b465ee728b)  -> (artifact id: 'f075029a4dfe49a8e609ca1c81b79f3a') in 0.012750 seconds
  Import took 0.021136 seconds .

========================================================================
Received Prepare
Registering precompiled user dll's ...
Registered in 0.003164 seconds.
Begin MonoManager ReloadAssembly
Native extension for WindowsStandalone target not found
Native extension for OSXStandalone target not found
Native extension for WebGL target not found
Refreshing native plugins compatible for Editor in 0.51 ms, found 0 plugins.
Preloading 0 native plugins for Editor in 0.00 ms.
Invoked RoslynAnalysisRunner static constructor.
RoslynAnalysisRunner will not be running.
RoslynAnalysisRunner has terminated.
Mono: successfully reloaded assembly
- Completed reload, in  1.286 seconds
Platform modules already initialized, skipping
Refreshing native plugins compatible for Editor in 0.50 ms, found 0 plugins.
Preloading 0 native plugins for Editor in 0.00 ms.
Unloading 1526 Unused Serialized files (Serialized files now loaded: 0)
System memory in use before: 100.4 MB.
System memory in use after: 99.9 MB.

Unloading 38 unused Assets to reduce memory usage. Loaded Objects now: 2028.
Total: 2.902400 ms (FindLiveObjects: 0.277800 ms CreateObjectMapping: 0.203100 ms MarkObjects: 2.012900 ms  DeleteObjects: 0.407400 ms)

========================================================================
Received Prepare
Registering precompiled user dll's ...
Registered in 0.003445 seconds.
Begin MonoManager ReloadAssembly
Native extension for WindowsStandalone target not found
Native extension for OSXStandalone target not found
Native extension for WebGL target not found
Refreshing native plugins compatible for Editor in 0.49 ms, found 0 plugins.
Preloading 0 native plugins for Editor in 0.00 ms.
Invoked RoslynAnalysisRunner static constructor.
RoslynAnalysisRunner will not be running.
RoslynAnalysisRunner has terminated.
Mono: successfully reloaded assembly
- Completed reload, in  1.204 seconds
Platform modules already initialized, skipping
Refreshing native plugins compatible for Editor in 0.53 ms, found 0 plugins.
Preloading 0 native plugins for Editor in 0.00 ms.
Unloading 1526 Unused Serialized files (Serialized files now loaded: 0)
System memory in use before: 100.0 MB.
System memory in use after: 99.5 MB.

Unloading 38 unused Assets to reduce memory usage. Loaded Objects now: 2030.
Total: 2.871600 ms (FindLiveObjects: 0.239500 ms CreateObjectMapping: 0.130500 ms MarkObjects: 1.984100 ms  DeleteObjects: 0.515400 ms)

========================================================================
Received Import Request.
  Time since last request: 50.936581 seconds.
  path: Assets/Scripts/Combat/EnemyHealthDisplay.cs
  artifactKey: Guid(0c35b9a41aa8a534a8090b92787d2c5e) Importer(815301076,1909f56bfc062723c751e8b465ee728b)
Start importing Assets/Scripts/Combat/EnemyHealthDisplay.cs using Guid(0c35b9a41aa8a534a8090b92787d2c5e) Importer(815301076,1909f56bfc062723c751e8b465ee728b)  -> (artifact id: 'd1ce1770f8b45a7aa066993171383e75') in 0.007674 seconds
  Import took 0.010897 seconds .

========================================================================
Received Prepare
Registering precompiled user dll's ...
Registered in 0.003244 seconds.
Begin MonoManager ReloadAssembly
Native extension for WindowsStandalone target not found
Native extension for OSXStandalone target not found
Native extension for WebGL target not found
Refreshing native plugins compatible for Editor in 0.59 ms, found 0 plugins.
Preloading 0 native plugins for Editor in 0.00 ms.
Invoked RoslynAnalysisRunner static constructor.
RoslynAnalysisRunner will not be running.
RoslynAnalysisRunner has terminated.
Mono: successfully reloaded assembly
- Completed reload, in  1.162 seconds
Platform modules already initialized, skipping
Refreshing native plugins compatible for Editor in 0.51 ms, found 0 plugins.
Preloading 0 native plugins for Editor in 0.00 ms.
Unloading 1526 Unused Serialized files (Serialized files now loaded: 0)
System memory in use before: 100.5 MB.
System memory in use after: 100.0 MB.

Unloading 38 unused Assets to reduce memory usage. Loaded Objects now: 2032.
Total: 2.656100 ms (FindLiveObjects: 0.220900 ms CreateObjectMapping: 0.112400 ms MarkObjects: 1.849200 ms  DeleteObjects: 0.472200 ms)

========================================================================
Received Import Request.
  Time since last request: 204.804315 seconds.
  path: Assets/Scripts/Combat/EnemyHealthDisplay.cs
  artifactKey: Guid(0c35b9a41aa8a534a8090b92787d2c5e) Importer(815301076,1909f56bfc062723c751e8b465ee728b)
Start importing Assets/Scripts/Combat/EnemyHealthDisplay.cs using Guid(0c35b9a41aa8a534a8090b92787d2c5e) Importer(815301076,1909f56bfc062723c751e8b465ee728b)  -> (artifact id: '8bfbf04f168b0c47f3e86a3b0eb51c7b') in 0.005776 seconds
  Import took 0.009060 seconds .

========================================================================
Received Prepare
Registering precompiled user dll's ...
Registered in 0.006443 seconds.
Begin MonoManager ReloadAssembly
Native extension for WindowsStandalone target not found
Native extension for OSXStandalone target not found
Native extension for WebGL target not found
Refreshing native plugins compatible for Editor in 0.57 ms, found 0 plugins.
Preloading 0 native plugins for Editor in 0.00 ms.
Invoked RoslynAnalysisRunner static constructor.
RoslynAnalysisRunner will not be running.
RoslynAnalysisRunner has terminated.
Mono: successfully reloaded assembly
- Completed reload, in  1.156 seconds
Platform modules already initialized, skipping
Refreshing native plugins compatible for Editor in 0.48 ms, found 0 plugins.
Preloading 0 native plugins for Editor in 0.00 ms.
Unloading 1526 Unused Serialized files (Serialized files now loaded: 0)
System memory in use before: 100.1 MB.
System memory in use after: 99.7 MB.

Unloading 38 unused Assets to reduce memory usage. Loaded Objects now: 2034.
Total: 2.267200 ms (FindLiveObjects: 0.178500 ms CreateObjectMapping: 0.063800 ms MarkObjects: 1.618900 ms  DeleteObjects: 0.404900 ms)

========================================================================
Received Import Request.
  Time since last request: 1003.976841 seconds.
  path: Assets/Scripts/Attributes/Eperience.cs
  artifactKey: Guid(50836bd120257d4468757eaf911742ab) Importer(815301076,1909f56bfc062723c751e8b465ee728b)
Start importing Assets/Scripts/Attributes/Eperience.cs using Guid(50836bd120257d4468757eaf911742ab) Importer(815301076,1909f56bfc062723c751e8b465ee728b)  -> (artifact id: '26a56e00e50102e9cb075184962307aa') in 0.012876 seconds
  Import took 0.020597 seconds .

========================================================================
Received Prepare
Registering precompiled user dll's ...
Registered in 0.004449 seconds.
Begin MonoManager ReloadAssembly
Native extension for WindowsStandalone target not found
Native extension for OSXStandalone target not found
Native extension for WebGL target not found
Refreshing native plugins compatible for Editor in 0.51 ms, found 0 plugins.
Preloading 0 native plugins for Editor in 0.00 ms.
Invoked RoslynAnalysisRunner static constructor.
RoslynAnalysisRunner will not be running.
RoslynAnalysisRunner has terminated.
Mono: successfully reloaded assembly
- Completed reload, in  1.233 seconds
Platform modules already initialized, skipping
Refreshing native plugins compatible for Editor in 0.60 ms, found 0 plugins.
Preloading 0 native plugins for Editor in 0.00 ms.
Unloading 1527 Unused Serialized files (Serialized files now loaded: 0)
System memory in use before: 100.5 MB.
System memory in use after: 100.0 MB.

Unloading 38 unused Assets to reduce memory usage. Loaded Objects now: 2037.
Total: 2.377800 ms (FindLiveObjects: 0.173000 ms CreateObjectMapping: 0.064800 ms MarkObjects: 1.738700 ms  DeleteObjects: 0.399800 ms)

========================================================================
Received Import Request.
  Time since last request: 8.437956 seconds.
  path: Assets/Scripts/Attributes/Experience.cs
  artifactKey: Guid(50836bd120257d4468757eaf911742ab) Importer(815301076,1909f56bfc062723c751e8b465ee728b)
Start importing Assets/Scripts/Attributes/Experience.cs using Guid(50836bd120257d4468757eaf911742ab) Importer(815301076,1909f56bfc062723c751e8b465ee728b)  -> (artifact id: '57512055d210e65475bc253e21dfc62b') in 0.016056 seconds
  Import took 0.023265 seconds .

========================================================================
Received Prepare
Registering precompiled user dll's ...
Registered in 0.004288 seconds.
Begin MonoManager ReloadAssembly
Native extension for WindowsStandalone target not found
Native extension for OSXStandalone target not found
Native extension for WebGL target not found
Refreshing native plugins compatible for Editor in 0.53 ms, found 0 plugins.
Preloading 0 native plugins for Editor in 0.00 ms.
Invoked RoslynAnalysisRunner static constructor.
RoslynAnalysisRunner will not be running.
RoslynAnalysisRunner has terminated.
Mono: successfully reloaded assembly
- Completed reload, in  1.934 seconds
Platform modules already initialized, skipping
Refreshing native plugins compatible for Editor in 0.53 ms, found 0 plugins.
Preloading 0 native plugins for Editor in 0.00 ms.
Unloading 1527 Unused Serialized files (Serialized files now loaded: 0)
System memory in use before: 100.3 MB.
System memory in use after: 99.8 MB.

Unloading 38 unused Assets to reduce memory usage. Loaded Objects now: 2039.
Total: 2.871200 ms (FindLiveObjects: 0.243800 ms CreateObjectMapping: 0.146600 ms MarkObjects: 2.043200 ms  DeleteObjects: 0.435700 ms)

========================================================================
Received Prepare
Registering precompiled user dll's ...
Registered in 0.004770 seconds.
Begin MonoManager ReloadAssembly
Native extension for WindowsStandalone target not found
Native extension for OSXStandalone target not found
Native extension for WebGL target not found
Refreshing native plugins compatible for Editor in 0.72 ms, found 0 plugins.
Preloading 0 native plugins for Editor in 0.00 ms.
Invoked RoslynAnalysisRunner static constructor.
RoslynAnalysisRunner will not be running.
RoslynAnalysisRunner has terminated.
Mono: successfully reloaded assembly
- Completed reload, in  1.183 seconds
Platform modules already initialized, skipping
Refreshing native plugins compatible for Editor in 0.55 ms, found 0 plugins.
Preloading 0 native plugins for Editor in 0.00 ms.
Unloading 1527 Unused Serialized files (Serialized files now loaded: 0)
System memory in use before: 100.5 MB.
System memory in use after: 100.0 MB.

Unloading 38 unused Assets to reduce memory usage. Loaded Objects now: 2041.
Total: 2.641000 ms (FindLiveObjects: 0.250300 ms CreateObjectMapping: 0.125500 ms MarkObjects: 1.852900 ms  DeleteObjects: 0.411200 ms)

========================================================================
Received Import Request.
  Time since last request: 6160.866071 seconds.
  path: Assets/Scripts/Attributes/Experience.cs
  artifactKey: Guid(50836bd120257d4468757eaf911742ab) Importer(815301076,1909f56bfc062723c751e8b465ee728b)
Start importing Assets/Scripts/Attributes/Experience.cs using Guid(50836bd120257d4468757eaf911742ab) Importer(815301076,1909f56bfc062723c751e8b465ee728b)  -> (artifact id: 'f3a320fea9b5869f0d0bd4710c9e73f0') in 0.005148 seconds
  Import took 0.008552 seconds .

AssetImportWorkerClient::OnTransportError - code=2 error=End of file
