Using pre-set license
Built from '2020.2/release' branch; Version is '2020.2.1f1 (270dd8c3da1c) revision 2559448'; Using compiler version '192528614'; Build Type 'Release'
OS: 'Windows 10  (10.0.0) 64bit' Language: 'es' Physical Memory: 16312 MB
BatchMode: 1, IsHumanControllingUs: 0, StartBugReporterOnCrash: 0, Is64bit: 1, IsPro: 0

 COMMAND LINE ARGUMENTS:
F:\Desarrollo\Unity\2020.2.1f1\Editor\Unity.exe
-adb2
-batchMode
-noUpm
-name
AssetImportWorker1
-projectPath
F:/Desarrollo/Unity/Proyectos/Curso RPG Udemy
-logFile
Logs/AssetImportWorker1.log
-srvPort
56845
Successfully changed project path to: F:/Desarrollo/Unity/Proyectos/Curso RPG Udemy
F:/Desarrollo/Unity/Proyectos/Curso RPG Udemy
Using Asset Import Pipeline V2.
Refreshing native plugins compatible for Editor in 136.62 ms, found 0 plugins.
Preloading 0 native plugins for Editor in 0.00 ms.
Initialize engine version: 2020.2.1f1 (270dd8c3da1c)
[Subsystems] Discovering subsystems at path F:/Desarrollo/Unity/2020.2.1f1/Editor/Data/Resources/UnitySubsystems
[Subsystems] Discovering subsystems at path F:/Desarrollo/Unity/Proyectos/Curso RPG Udemy/Assets
GfxDevice: creating device client; threaded=0
Direct3D:
    Version:  Direct3D 11.0 [level 11.1]
    Renderer: NVIDIA GeForce GTX 960 (ID=0x1401)
    Vendor:   
    VRAM:     2007 MB
    Driver:   27.21.14.5671
Initialize mono
Mono path[0] = 'F:/Desarrollo/Unity/2020.2.1f1/Editor/Data/Managed'
Mono path[1] = 'F:/Desarrollo/Unity/2020.2.1f1/Editor/Data/MonoBleedingEdge/lib/mono/unityjit'
Mono config path = 'F:/Desarrollo/Unity/2020.2.1f1/Editor/Data/MonoBleedingEdge/etc'
Using monoOptions --debugger-agent=transport=dt_socket,embedding=1,server=y,suspend=n,address=127.0.0.1:56464
Begin MonoManager ReloadAssembly
Registering precompiled unity dll's ...
Register platform support module: F:/Desarrollo/Unity/2020.2.1f1/Editor/Data/PlaybackEngines/WebGLSupport/UnityEditor.WebGL.Extensions.dll
Register platform support module: F:/Desarrollo/Unity/2020.2.1f1/Editor/Data/PlaybackEngines/MacStandaloneSupport/UnityEditor.OSXStandalone.Extensions.dll
Register platform support module: F:/Desarrollo/Unity/2020.2.1f1/Editor/Data/PlaybackEngines/WindowsStandaloneSupport/UnityEditor.WindowsStandalone.Extensions.dll
Registered in 0.006842 seconds.
Native extension for WindowsStandalone target not found
Native extension for OSXStandalone target not found
Native extension for WebGL target not found
Refreshing native plugins compatible for Editor in 54.81 ms, found 0 plugins.
Preloading 0 native plugins for Editor in 0.00 ms.
Invoked RoslynAnalysisRunner static constructor.
RoslynAnalysisRunner will not be running.
RoslynAnalysisRunner has terminated.
Mono: successfully reloaded assembly
- Completed reload, in  3.936 seconds
Platform modules already initialized, skipping
Registering precompiled user dll's ...
Registered in 0.014958 seconds.
Begin MonoManager ReloadAssembly
Native extension for WindowsStandalone target not found
Native extension for OSXStandalone target not found
Native extension for WebGL target not found
Refreshing native plugins compatible for Editor in 2.83 ms, found 0 plugins.
Preloading 0 native plugins for Editor in 0.00 ms.
Invoked RoslynAnalysisRunner static constructor.
RoslynAnalysisRunner will not be running.
RoslynAnalysisRunner has terminated.
Mono: successfully reloaded assembly
- Completed reload, in  2.739 seconds
Platform modules already initialized, skipping
========================================================================
Worker process is ready to serve import requests
Launched and connected shader compiler UnityShaderCompiler.exe after 0.13 seconds
Refreshing native plugins compatible for Editor in 0.51 ms, found 0 plugins.
Preloading 0 native plugins for Editor in 0.00 ms.
Unloading 1511 Unused Serialized files (Serialized files now loaded: 0)
System memory in use before: 80.6 MB.
System memory in use after: 80.7 MB.

Unloading 34 unused Assets to reduce memory usage. Loaded Objects now: 1959.
Total: 28.319400 ms (FindLiveObjects: 0.244500 ms CreateObjectMapping: 0.074800 ms MarkObjects: 27.874800 ms  DeleteObjects: 0.123200 ms)

========================================================================
Received Import Request.
  path: Assets/Scripts/Combat/Fighter.cs
  artifactKey: Guid(a425cbddaaedb4608bf1af4812bf86c0) Importer(815301076,1909f56bfc062723c751e8b465ee728b)
Start importing Assets/Scripts/Combat/Fighter.cs using Guid(a425cbddaaedb4608bf1af4812bf86c0) Importer(815301076,1909f56bfc062723c751e8b465ee728b)  -> (artifact id: 'b6abf69b10ec634b8a845dd0ce5a4ed2') in 0.224032 seconds
  Import took 0.281840 seconds .

========================================================================
Received Prepare
Registering precompiled user dll's ...
Registered in 0.007163 seconds.
Begin MonoManager ReloadAssembly
Native extension for WindowsStandalone target not found
Native extension for OSXStandalone target not found
Native extension for WebGL target not found
Refreshing native plugins compatible for Editor in 0.52 ms, found 0 plugins.
Preloading 0 native plugins for Editor in 0.00 ms.
Invoked RoslynAnalysisRunner static constructor.
RoslynAnalysisRunner will not be running.
RoslynAnalysisRunner has terminated.
Mono: successfully reloaded assembly
- Completed reload, in  2.061 seconds
Platform modules already initialized, skipping
Refreshing native plugins compatible for Editor in 0.48 ms, found 0 plugins.
Preloading 0 native plugins for Editor in 0.00 ms.
Unloading 1505 Unused Serialized files (Serialized files now loaded: 0)
System memory in use before: 80.9 MB.
System memory in use after: 81.0 MB.

Unloading 25 unused Assets to reduce memory usage. Loaded Objects now: 1962.
Total: 6.058600 ms (FindLiveObjects: 0.397100 ms CreateObjectMapping: 0.971600 ms MarkObjects: 4.661900 ms  DeleteObjects: 0.026100 ms)

========================================================================
Received Prepare
Registering precompiled user dll's ...
Registered in 0.045284 seconds.
Begin MonoManager ReloadAssembly
Native extension for WindowsStandalone target not found
Native extension for OSXStandalone target not found
Native extension for WebGL target not found
Refreshing native plugins compatible for Editor in 0.51 ms, found 0 plugins.
Preloading 0 native plugins for Editor in 0.00 ms.
Invoked RoslynAnalysisRunner static constructor.
RoslynAnalysisRunner will not be running.
RoslynAnalysisRunner has terminated.
Mono: successfully reloaded assembly
- Completed reload, in  2.281 seconds
Platform modules already initialized, skipping
Refreshing native plugins compatible for Editor in 0.48 ms, found 0 plugins.
Preloading 0 native plugins for Editor in 0.00 ms.
Unloading 1504 Unused Serialized files (Serialized files now loaded: 0)
System memory in use before: 81.2 MB.
System memory in use after: 81.3 MB.

Unloading 25 unused Assets to reduce memory usage. Loaded Objects now: 1964.
Total: 2.539800 ms (FindLiveObjects: 0.181300 ms CreateObjectMapping: 0.110700 ms MarkObjects: 2.184800 ms  DeleteObjects: 0.051400 ms)

========================================================================
Received Prepare
Registering precompiled user dll's ...
Registered in 0.003229 seconds.
Begin MonoManager ReloadAssembly
Native extension for WindowsStandalone target not found
Native extension for OSXStandalone target not found
Native extension for WebGL target not found
Refreshing native plugins compatible for Editor in 0.50 ms, found 0 plugins.
Preloading 0 native plugins for Editor in 0.00 ms.
Invoked RoslynAnalysisRunner static constructor.
RoslynAnalysisRunner will not be running.
RoslynAnalysisRunner has terminated.
Mono: successfully reloaded assembly
- Completed reload, in  1.240 seconds
Platform modules already initialized, skipping
Refreshing native plugins compatible for Editor in 1.04 ms, found 0 plugins.
Preloading 0 native plugins for Editor in 0.00 ms.
Unloading 1504 Unused Serialized files (Serialized files now loaded: 0)
System memory in use before: 81.7 MB.
System memory in use after: 81.8 MB.

Unloading 25 unused Assets to reduce memory usage. Loaded Objects now: 1966.
Total: 2.911700 ms (FindLiveObjects: 0.211900 ms CreateObjectMapping: 0.121200 ms MarkObjects: 2.523800 ms  DeleteObjects: 0.053500 ms)

========================================================================
Received Import Request.
  Time since last request: 6043.275441 seconds.
  path: Assets/Scripts/Combat/Fighter.cs
  artifactKey: Guid(a425cbddaaedb4608bf1af4812bf86c0) Importer(815301076,1909f56bfc062723c751e8b465ee728b)
Start importing Assets/Scripts/Combat/Fighter.cs using Guid(a425cbddaaedb4608bf1af4812bf86c0) Importer(815301076,1909f56bfc062723c751e8b465ee728b)  -> (artifact id: '1d215c03b4a904ea6a2644a5a334169b') in 0.038148 seconds
  Import took 0.059850 seconds .

========================================================================
Received Import Request.
  Time since last request: 1.043904 seconds.
  path: Assets/Game/Characters/Character.prefab
  artifactKey: Guid(7b5fb9b1145e14f6390cb21a4c47d80f) Importer(815301076,1909f56bfc062723c751e8b465ee728b)
Start importing Assets/Game/Characters/Character.prefab using Guid(7b5fb9b1145e14f6390cb21a4c47d80f) Importer(815301076,1909f56bfc062723c751e8b465ee728b)  -> (artifact id: '5d6a91c9bcf360fc18d1ce48dc915337') in 0.106051 seconds
  Import took 0.130841 seconds .

========================================================================
Received Import Request.
  Time since last request: 0.428906 seconds.
  path: Assets/Game/Characters/Character.prefab
  artifactKey: Guid(7b5fb9b1145e14f6390cb21a4c47d80f) Importer(815301076,1909f56bfc062723c751e8b465ee728b)
Start importing Assets/Game/Characters/Character.prefab using Guid(7b5fb9b1145e14f6390cb21a4c47d80f) Importer(815301076,1909f56bfc062723c751e8b465ee728b)  -> (artifact id: '5d6a91c9bcf360fc18d1ce48dc915337') in 0.006438 seconds
  Import took 0.010803 seconds .

========================================================================
Received Import Request.
  Time since last request: 10.415991 seconds.
  path: Assets/Game/Core/Player.prefab
  artifactKey: Guid(3aa7a28b2e00d4423abb718891bd92ed) Importer(815301076,1909f56bfc062723c751e8b465ee728b)
Start importing Assets/Game/Core/Player.prefab using Guid(3aa7a28b2e00d4423abb718891bd92ed) Importer(815301076,1909f56bfc062723c751e8b465ee728b)  -> (artifact id: '75bf0af711b6713fef229571d582dbab') in 1.051718 seconds
  Import took 1.055600 seconds .

========================================================================
Received Prepare
Registering precompiled user dll's ...
Registered in 0.003588 seconds.
Begin MonoManager ReloadAssembly
Native extension for WindowsStandalone target not found
Native extension for OSXStandalone target not found
Native extension for WebGL target not found
Refreshing native plugins compatible for Editor in 1.90 ms, found 0 plugins.
Preloading 0 native plugins for Editor in 0.00 ms.
Invoked RoslynAnalysisRunner static constructor.
RoslynAnalysisRunner will not be running.
RoslynAnalysisRunner has terminated.
Mono: successfully reloaded assembly
- Completed reload, in  1.446 seconds
Platform modules already initialized, skipping
Refreshing native plugins compatible for Editor in 0.48 ms, found 0 plugins.
Preloading 0 native plugins for Editor in 0.00 ms.
Unloading 1504 Unused Serialized files (Serialized files now loaded: 0)
System memory in use before: 96.2 MB.
System memory in use after: 96.3 MB.

Unloading 25 unused Assets to reduce memory usage. Loaded Objects now: 1976.
Total: 3.598900 ms (FindLiveObjects: 0.759700 ms CreateObjectMapping: 0.245500 ms MarkObjects: 2.567500 ms  DeleteObjects: 0.024400 ms)

========================================================================
Received Prepare
Registering precompiled user dll's ...
Registered in 0.003086 seconds.
Begin MonoManager ReloadAssembly
Native extension for WindowsStandalone target not found
Native extension for OSXStandalone target not found
Native extension for WebGL target not found
Refreshing native plugins compatible for Editor in 0.52 ms, found 0 plugins.
Preloading 0 native plugins for Editor in 0.00 ms.
Invoked RoslynAnalysisRunner static constructor.
RoslynAnalysisRunner will not be running.
RoslynAnalysisRunner has terminated.
Mono: successfully reloaded assembly
- Completed reload, in  1.137 seconds
Platform modules already initialized, skipping
Refreshing native plugins compatible for Editor in 0.47 ms, found 0 plugins.
Preloading 0 native plugins for Editor in 0.00 ms.
Unloading 1504 Unused Serialized files (Serialized files now loaded: 0)
System memory in use before: 96.4 MB.
System memory in use after: 96.5 MB.

Unloading 25 unused Assets to reduce memory usage. Loaded Objects now: 1978.
Total: 1.871800 ms (FindLiveObjects: 0.174400 ms CreateObjectMapping: 0.081300 ms MarkObjects: 1.586600 ms  DeleteObjects: 0.028500 ms)

========================================================================
Received Import Request.
  Time since last request: 405.246353 seconds.
  path: Assets/Game/Weapons
  artifactKey: Guid(8657befea6a3cda40bb4959512a8025f) Importer(815301076,1909f56bfc062723c751e8b465ee728b)
Start importing Assets/Game/Weapons using Guid(8657befea6a3cda40bb4959512a8025f) Importer(815301076,1909f56bfc062723c751e8b465ee728b)  -> (artifact id: '10a59f0fa60efa7e4ad870e9d028d224') in 0.005360 seconds
  Import took 0.028435 seconds .

========================================================================
Received Import Request.
  Time since last request: 10.831654 seconds.
  path: Assets/Game/Weapons/EquipedSword.prefab
  artifactKey: Guid(d5dbeee83fec3e04ab4dcd8a4e67afe3) Importer(815301076,1909f56bfc062723c751e8b465ee728b)
Start importing Assets/Game/Weapons/EquipedSword.prefab using Guid(d5dbeee83fec3e04ab4dcd8a4e67afe3) Importer(815301076,1909f56bfc062723c751e8b465ee728b)  -> (artifact id: 'dd21510faf7d2f7931e45664252b687d') in 0.143035 seconds
  Import took 0.146216 seconds .

========================================================================
Received Prepare
Registering precompiled user dll's ...
Registered in 0.003999 seconds.
Begin MonoManager ReloadAssembly
Native extension for WindowsStandalone target not found
Native extension for OSXStandalone target not found
Native extension for WebGL target not found
Refreshing native plugins compatible for Editor in 0.46 ms, found 0 plugins.
Preloading 0 native plugins for Editor in 0.00 ms.
Invoked RoslynAnalysisRunner static constructor.
RoslynAnalysisRunner will not be running.
RoslynAnalysisRunner has terminated.
Mono: successfully reloaded assembly
- Completed reload, in  1.238 seconds
Platform modules already initialized, skipping
Refreshing native plugins compatible for Editor in 0.49 ms, found 0 plugins.
Preloading 0 native plugins for Editor in 0.00 ms.
Unloading 1504 Unused Serialized files (Serialized files now loaded: 0)
System memory in use before: 95.9 MB.
System memory in use after: 96.0 MB.

Unloading 25 unused Assets to reduce memory usage. Loaded Objects now: 1981.
Total: 3.025100 ms (FindLiveObjects: 0.191200 ms CreateObjectMapping: 0.088000 ms MarkObjects: 2.686600 ms  DeleteObjects: 0.057900 ms)

========================================================================
Received Prepare
Registering precompiled user dll's ...
Registered in 0.003179 seconds.
Begin MonoManager ReloadAssembly
Native extension for WindowsStandalone target not found
Native extension for OSXStandalone target not found
Native extension for WebGL target not found
Refreshing native plugins compatible for Editor in 0.47 ms, found 0 plugins.
Preloading 0 native plugins for Editor in 0.00 ms.
Invoked RoslynAnalysisRunner static constructor.
RoslynAnalysisRunner will not be running.
RoslynAnalysisRunner has terminated.
Mono: successfully reloaded assembly
- Completed reload, in  1.151 seconds
Platform modules already initialized, skipping
Refreshing native plugins compatible for Editor in 0.46 ms, found 0 plugins.
Preloading 0 native plugins for Editor in 0.00 ms.
Unloading 1504 Unused Serialized files (Serialized files now loaded: 0)
System memory in use before: 96.3 MB.
System memory in use after: 96.4 MB.

Unloading 25 unused Assets to reduce memory usage. Loaded Objects now: 1983.
Total: 2.624800 ms (FindLiveObjects: 0.198000 ms CreateObjectMapping: 0.083900 ms MarkObjects: 2.305100 ms  DeleteObjects: 0.036100 ms)

========================================================================
Received Prepare
Registering precompiled user dll's ...
Registered in 0.004508 seconds.
Begin MonoManager ReloadAssembly
Native extension for WindowsStandalone target not found
Native extension for OSXStandalone target not found
Native extension for WebGL target not found
Refreshing native plugins compatible for Editor in 0.47 ms, found 0 plugins.
Preloading 0 native plugins for Editor in 0.00 ms.
Invoked RoslynAnalysisRunner static constructor.
RoslynAnalysisRunner will not be running.
RoslynAnalysisRunner has terminated.
Mono: successfully reloaded assembly
- Completed reload, in 39.656 seconds
Platform modules already initialized, skipping
Refreshing native plugins compatible for Editor in 56.86 ms, found 0 plugins.
Preloading 0 native plugins for Editor in 0.00 ms.
Unloading 1504 Unused Serialized files (Serialized files now loaded: 0)
System memory in use before: 96.4 MB.
System memory in use after: 96.5 MB.

Unloading 25 unused Assets to reduce memory usage. Loaded Objects now: 1985.
Total: 2.243200 ms (FindLiveObjects: 0.194000 ms CreateObjectMapping: 0.068300 ms MarkObjects: 1.946900 ms  DeleteObjects: 0.032600 ms)

AssetImportWorkerClient::OnTransportError - code=2 error=End of file
